<?xml version="1.0" encoding="UTF-8"?>
<!-- Generated by org.testng.reporters.JUnitXMLReporter -->
<testsuite ignored="0" hostname="DESKTOP-9BLN6AT" failures="0" tests="11" name="Default test" time="5.67" errors="0" timestamp="2023-10-14T16:20:03 IST">
  <testcase classname="io.cucumber.testng.AbstractTestNGCucumberTests" name="@AfterClass tearDownClass" time="4.091">
    <failure type="java.lang.RuntimeException" message="java.io.IOException: HTTP request failed:
&amp;gt; GET https://messages.cucumber.io/api/reports
&amp;lt; HTTP/1.1 401 Unauthorized
&amp;lt; X-Cache: Error from cloudfront
&amp;lt; x-amz-apigw-id: MybOSHvRiGYFsbA=
&amp;lt; Access-Control-Allow-Origin: https://reports.cucumber.io
&amp;lt; Access-Control-Allow-Methods: GET
&amp;lt; X-Amz-Cf-Pop: BLR50-P3
&amp;lt; Connection: keep-alive
&amp;lt; Date: Sat, 14 Oct 2023 10:50:03 GMT
&amp;lt; Access-Control-Allow-Headers: Content-Type,Authorization,X-Amz-Date,X-Api-Key,X-Amz-Security-Token
&amp;lt; X-Amzn-Trace-Id: Root=1-652a725b-29e2e3ab4def8aab54ba1ddb;Sampled=0;lineage=d7df4ace:0
&amp;lt; Via: 1.1 741c01a1d394f3382754d81dc5b9e262.cloudfront.net (CloudFront)
&amp;lt; Cache-Control: private, no-cache, no-store, must-revalidate
&amp;lt; Access-Control-Allow-Credentials: true
&amp;lt; x-amzn-RequestId: a52d7e4b-15b8-4699-b159-79ca2b5edc24
&amp;lt; X-Amz-Cf-Id: gnRFuXOjeky2zPNjg4hIY91Y8jWTyD8RMgt-WxhSxFbzDtI_xlb-3A==
&amp;lt; Content-Length: 875
&amp;lt; Content-Type: text/plain; charset=UTF-8
[31m[1m┌─────────────────────────────────────────────────────────────────────────────────────────────┐[0m
[31m[1m│[0m Invalid CUCUMBER_PUBLISH_TOKEN: [1mCUCUMBER_PUBLISH_TOKEN=54abb800-7cea-44ab-8ed4-bb72715838c0[0m [31m[1m│[0m
[31m[1m│[0m Go to [1m[36m[4mhttps://reports.cucumber.io/profile[0m to get your token.                                [31m[1m│[0m
[31m[1m└─────────────────────────────────────────────────────────────────────────────────────────────┘[0m">
      <![CDATA[java.lang.RuntimeException: java.io.IOException: HTTP request failed:
> GET https://messages.cucumber.io/api/reports
< HTTP/1.1 401 Unauthorized
< X-Cache: Error from cloudfront
< x-amz-apigw-id: MybOSHvRiGYFsbA=
< Access-Control-Allow-Origin: https://reports.cucumber.io
< Access-Control-Allow-Methods: GET
< X-Amz-Cf-Pop: BLR50-P3
< Connection: keep-alive
< Date: Sat, 14 Oct 2023 10:50:03 GMT
< Access-Control-Allow-Headers: Content-Type,Authorization,X-Amz-Date,X-Api-Key,X-Amz-Security-Token
< X-Amzn-Trace-Id: Root=1-652a725b-29e2e3ab4def8aab54ba1ddb;Sampled=0;lineage=d7df4ace:0
< Via: 1.1 741c01a1d394f3382754d81dc5b9e262.cloudfront.net (CloudFront)
< Cache-Control: private, no-cache, no-store, must-revalidate
< Access-Control-Allow-Credentials: true
< x-amzn-RequestId: a52d7e4b-15b8-4699-b159-79ca2b5edc24
< X-Amz-Cf-Id: gnRFuXOjeky2zPNjg4hIY91Y8jWTyD8RMgt-WxhSxFbzDtI_xlb-3A==
< Content-Length: 875
< Content-Type: text/plain; charset=UTF-8
[31m[1m┌─────────────────────────────────────────────────────────────────────────────────────────────┐[0m
[31m[1m│[0m Invalid CUCUMBER_PUBLISH_TOKEN: [1mCUCUMBER_PUBLISH_TOKEN=54abb800-7cea-44ab-8ed4-bb72715838c0[0m [31m[1m│[0m
[31m[1m│[0m Go to [1m[36m[4mhttps://reports.cucumber.io/profile[0m to get your token.                                [31m[1m│[0m
[31m[1m└─────────────────────────────────────────────────────────────────────────────────────────────┘[0m
at io.cucumber.core.plugin.MessageFormatter.writeMessage(MessageFormatter.java:32)
at io.cucumber.core.eventbus.AbstractEventPublisher.send(AbstractEventPublisher.java:51)
at io.cucumber.core.eventbus.AbstractEventBus.send(AbstractEventBus.java:12)
at io.cucumber.core.runtime.SynchronizedEventBus.send(SynchronizedEventBus.java:47)
at io.cucumber.core.runtime.CucumberExecutionContext.emitTestRunFinished(CucumberExecutionContext.java:125)
at io.cucumber.core.runtime.CucumberExecutionContext.finishTestRun(CucumberExecutionContext.java:105)
at io.cucumber.testng.TestNGCucumberRunner.finish(TestNGCucumberRunner.java:145)
at io.cucumber.testng.AbstractTestNGCucumberTests.tearDownClass(AbstractTestNGCucumberTests.java:57)
at java.base/jdk.internal.reflect.DirectMethodHandleAccessor.invoke(DirectMethodHandleAccessor.java:104)
at java.base/java.lang.reflect.Method.invoke(Method.java:578)
at org.testng.internal.invokers.MethodInvocationHelper.invokeMethod(MethodInvocationHelper.java:139)
at org.testng.internal.invokers.MethodInvocationHelper.invokeMethodConsideringTimeout(MethodInvocationHelper.java:69)
at org.testng.internal.invokers.ConfigInvoker.invokeConfigurationMethod(ConfigInvoker.java:390)
at org.testng.internal.invokers.ConfigInvoker.invokeConfigurations(ConfigInvoker.java:325)
at org.testng.internal.invokers.TestMethodWorker.invokeAfterClassConfigurations(TestMethodWorker.java:229)
at org.testng.internal.invokers.TestMethodWorker.invokeAfterClassMethods(TestMethodWorker.java:215)
at org.testng.internal.invokers.TestMethodWorker.run(TestMethodWorker.java:131)
at java.base/java.util.ArrayList.forEach(ArrayList.java:1511)
at org.testng.TestRunner.privateRun(TestRunner.java:848)
at org.testng.TestRunner.run(TestRunner.java:621)
at org.testng.SuiteRunner.runTest(SuiteRunner.java:443)
at org.testng.SuiteRunner.runSequentially(SuiteRunner.java:437)
at org.testng.SuiteRunner.privateRun(SuiteRunner.java:397)
at org.testng.SuiteRunner.run(SuiteRunner.java:336)
at org.testng.SuiteRunnerWorker.runSuite(SuiteRunnerWorker.java:52)
at org.testng.SuiteRunnerWorker.run(SuiteRunnerWorker.java:95)
at org.testng.TestNG.runSuitesSequentially(TestNG.java:1280)
at org.testng.TestNG.runSuitesLocally(TestNG.java:1200)
at org.testng.TestNG.runSuites(TestNG.java:1114)
at org.testng.TestNG.run(TestNG.java:1082)
at org.testng.remote.AbstractRemoteTestNG.run(AbstractRemoteTestNG.java:115)
at org.testng.remote.RemoteTestNG.initAndRun(RemoteTestNG.java:251)
at org.testng.remote.RemoteTestNG.main(RemoteTestNG.java:77)
Caused by: java.io.IOException: HTTP request failed:
> GET https://messages.cucumber.io/api/reports
< HTTP/1.1 401 Unauthorized
< X-Cache: Error from cloudfront
< x-amz-apigw-id: MybOSHvRiGYFsbA=
< Access-Control-Allow-Origin: https://reports.cucumber.io
< Access-Control-Allow-Methods: GET
< X-Amz-Cf-Pop: BLR50-P3
< Connection: keep-alive
< Date: Sat, 14 Oct 2023 10:50:03 GMT
< Access-Control-Allow-Headers: Content-Type,Authorization,X-Amz-Date,X-Api-Key,X-Amz-Security-Token
< X-Amzn-Trace-Id: Root=1-652a725b-29e2e3ab4def8aab54ba1ddb;Sampled=0;lineage=d7df4ace:0
< Via: 1.1 741c01a1d394f3382754d81dc5b9e262.cloudfront.net (CloudFront)
< Cache-Control: private, no-cache, no-store, must-revalidate
< Access-Control-Allow-Credentials: true
< x-amzn-RequestId: a52d7e4b-15b8-4699-b159-79ca2b5edc24
< X-Amz-Cf-Id: gnRFuXOjeky2zPNjg4hIY91Y8jWTyD8RMgt-WxhSxFbzDtI_xlb-3A==
< Content-Length: 875
< Content-Type: text/plain; charset=UTF-8
[31m[1m┌─────────────────────────────────────────────────────────────────────────────────────────────┐[0m
[31m[1m│[0m Invalid CUCUMBER_PUBLISH_TOKEN: [1mCUCUMBER_PUBLISH_TOKEN=54abb800-7cea-44ab-8ed4-bb72715838c0[0m [31m[1m│[0m
[31m[1m│[0m Go to [1m[36m[4mhttps://reports.cucumber.io/profile[0m to get your token.                                [31m[1m│[0m
[31m[1m└─────────────────────────────────────────────────────────────────────────────────────────────┘[0m
at io.cucumber.core.plugin.UrlOutputStream.createCurlLikeException(UrlOutputStream.java:150)
at io.cucumber.core.plugin.UrlOutputStream.getResponseBody(UrlOutputStream.java:135)
at io.cucumber.core.plugin.UrlOutputStream.sendRequest(UrlOutputStream.java:87)
at io.cucumber.core.plugin.UrlOutputStream.close(UrlOutputStream.java:65)
at java.base/sun.nio.cs.StreamEncoder.implClose(StreamEncoder.java:443)
at java.base/sun.nio.cs.StreamEncoder.lockedClose(StreamEncoder.java:241)
at java.base/sun.nio.cs.StreamEncoder.close(StreamEncoder.java:232)
at java.base/java.io.OutputStreamWriter.close(OutputStreamWriter.java:267)
at io.cucumber.core.plugin.MessageFormatter.writeMessage(MessageFormatter.java:29)
... 32 more
]]>
    </failure>
  </testcase> <!-- @AfterClass tearDownClass -->
  <testcase classname="io.cucumber.testng.AbstractTestNGCucumberTests" name="runScenario" time="0.191"/>
  <testcase classname="io.cucumber.testng.AbstractTestNGCucumberTests" name="runScenario" time="0.064"/>
  <testcase classname="io.cucumber.testng.AbstractTestNGCucumberTests" name="runScenario" time="0.031"/>
  <testcase classname="io.cucumber.testng.AbstractTestNGCucumberTests" name="runScenario" time="0.026"/>
  <testcase classname="io.cucumber.testng.AbstractTestNGCucumberTests" name="runScenario" time="0.054"/>
  <testcase classname="io.cucumber.testng.AbstractTestNGCucumberTests" name="runScenario" time="0.029"/>
  <testcase classname="io.cucumber.testng.AbstractTestNGCucumberTests" name="runScenario" time="0.053"/>
  <testcase classname="io.cucumber.testng.AbstractTestNGCucumberTests" name="runScenario" time="0.033"/>
  <testcase classname="io.cucumber.testng.AbstractTestNGCucumberTests" name="runScenario" time="0.023"/>
  <testcase classname="io.cucumber.testng.AbstractTestNGCucumberTests" name="runScenario" time="0.023"/>
  <testcase classname="io.cucumber.testng.AbstractTestNGCucumberTests" name="runScenario" time="0.036"/>
</testsuite> <!-- Default test -->
