<html>
<head>
<title>TestNG:  Test</title>
<link href="../testng.css" rel="stylesheet" type="text/css" />
<link href="../my-testng.css" rel="stylesheet" type="text/css" />

<style type="text/css">
.log { display: none;} 
.stack-trace { display: none;} 
</style>
<script type="text/javascript">
<!--
function flip(e) {
  current = e.style.display;
  if (current == 'block') {
    e.style.display = 'none';
    return 0;
  }
  else {
    e.style.display = 'block';
    return 1;
  }
}

function toggleBox(szDivId, elem, msg1, msg2)
{
  var res = -1;  if (document.getElementById) {
    res = flip(document.getElementById(szDivId));
  }
  else if (document.all) {
    // this is the way old msie versions work
    res = flip(document.all[szDivId]);
  }
  if(elem) {
    if(res == 0) elem.innerHTML = msg1; else elem.innerHTML = msg2;
  }

}

function toggleAllBoxes() {
  if (document.getElementsByTagName) {
    d = document.getElementsByTagName('div');
    for (i = 0; i < d.length; i++) {
      if (d[i].className == 'log') {
        flip(d[i]);
      }
    }
  }
}

// -->
</script>

</head>
<body>
<h2 align='center'>Test</h2><table border='1' align="center">
<tr>
<td>Tests passed/Failed/Skipped:</td><td>11/0/0</td>
</tr><tr>
<td>Started on:</td><td>Sat Oct 14 16:23:26 IST 2023</td>
</tr>
<tr><td>Total time:</td><td>3 seconds (3840 ms)</td>
</tr><tr>
<td>Included groups:</td><td></td>
</tr><tr>
<td>Excluded groups:</td><td></td>
</tr>
</table><p/>
<small><i>(Hover the method name to see the test class name)</i></small><p/>
<table width='100%' border='1' class='invocation-failed'>
<tr><td colspan='4' align='center'><b>FAILED CONFIGURATIONS</b></td></tr>
<tr><td><b>Test method</b></td>
<td><b>Attribute(s)</b></td>
<td width="30%"><b>Exception</b></td>
<td width="10%"><b>Time (seconds)</b></td>
<td><b>Instance</b></td>
</tr>
<tr>
<td title='runner.Test_Data_table_Registartion_Runner.tearDownClass()'><b>tearDownClass</b><br>Test class: runner.Test_Data_table_Registartion_Runner</td>
<td><div><pre>java.lang.RuntimeException: java.io.IOException: HTTP request failed:
&gt; GET https://messages.cucumber.io/api/reports
&lt; HTTP/1.1 401 Unauthorized
&lt; X-Cache: Error from cloudfront
&lt; x-amz-apigw-id: MybulGOeCGYFehQ=
&lt; Access-Control-Allow-Origin: https://reports.cucumber.io
&lt; Access-Control-Allow-Methods: GET
&lt; X-Amz-Cf-Pop: BLR50-P3
&lt; Connection: keep-alive
&lt; Date: Sat, 14 Oct 2023 10:53:30 GMT
&lt; Access-Control-Allow-Headers: Content-Type,Authorization,X-Amz-Date,X-Api-Key,X-Amz-Security-Token
&lt; X-Amzn-Trace-Id: Root=1-652a7329-62ae498452145c215940b3d8;Sampled=0;lineage=d7df4ace:0
&lt; Via: 1.1 28632435d4a4f33664e5079d35495c60.cloudfront.net (CloudFront)
&lt; Cache-Control: private, no-cache, no-store, must-revalidate
&lt; Access-Control-Allow-Credentials: true
&lt; x-amzn-RequestId: 262626dc-ccd2-47d6-8a35-695c389b660a
&lt; X-Amz-Cf-Id: 2GtyAFKkm0FtVgWB8x3pglaMes5vciKUc-sfOCS83Hp1q9_KDxbReg==
&lt; Content-Length: 875
&lt; Content-Type: text/plain; charset=UTF-8
[31m[1mâ”Œâ”€â”€â”€â”€â”€â”€â”€â”€â”€â”€â”€â”€â”€â”€â”€â”€â”€â”€â”€â”€â”€â”€â”€â”€â”€â”€â”€â”€â”€â”€â”€â”€â”€â”€â”€â”€â”€â”€â”€â”€â”€â”€â”€â”€â”€â”€â”€â”€â”€â”€â”€â”€â”€â”€â”€â”€â”€â”€â”€â”€â”€â”€â”€â”€â”€â”€â”€â”€â”€â”€â”€â”€â”€â”€â”€â”€â”€â”€â”€â”€â”€â”€â”€â”€â”€â”€â”€â”€â”€â”€â”€â”€â”€â”[0m
[31m[1mâ”‚[0m Invalid CUCUMBER_PUBLISH_TOKEN: [1mCUCUMBER_PUBLISH_TOKEN=54abb800-7cea-44ab-8ed4-bb72715838c0[0m [31m[1mâ”‚[0m
[31m[1mâ”‚[0m Go to [1m[36m[4mhttps://reports.cucumber.io/profile[0m to get your token.                                [31m[1mâ”‚[0m
[31m[1mâ””â”€â”€â”€â”€â”€â”€â”€â”€â”€â”€â”€â”€â”€â”€â”€â”€â”€â”€â”€â”€â”€â”€â”€â”€â”€â”€â”€â”€â”€â”€â”€â”€â”€â”€â”€â”€â”€â”€â”€â”€â”€â”€â”€â”€â”€â”€â”€â”€â”€â”€â”€â”€â”€â”€â”€â”€â”€â”€â”€â”€â”€â”€â”€â”€â”€â”€â”€â”€â”€â”€â”€â”€â”€â”€â”€â”€â”€â”€â”€â”€â”€â”€â”€â”€â”€â”€â”€â”€â”€â”€â”€â”€â”€â”˜[0m
	at io.cucumber.core.plugin.MessageFormatter.writeMessage(MessageFormatter.java:32)
	at io.cucumber.core.eventbus.AbstractEventPublisher.send(AbstractEventPublisher.java:51)
	at io.cucumber.core.eventbus.AbstractEventBus.send(AbstractEventBus.java:12)
	at io.cucumber.core.runtime.SynchronizedEventBus.send(SynchronizedEventBus.java:47)
	at io.cucumber.core.runtime.CucumberExecutionContext.emitTestRunFinished(CucumberExecutionContext.java:125)
	at io.cucumber.core.runtime.CucumberExecutionContext.finishTestRun(CucumberExecutionContext.java:105)
	at io.cucumber.testng.TestNGCucumberRunner.finish(TestNGCucumberRunner.java:145)
	at io.cucumber.testng.AbstractTestNGCucumberTests.tearDownClass(AbstractTestNGCucumberTests.java:57)
	at java.base/java.util.ArrayList.forEach(ArrayList.java:1511)
Caused by: java.io.IOException: HTTP request failed:
&gt; GET https://messages.cucumber.io/api/reports
&lt; HTTP/1.1 401 Unauthorized
&lt; X-Cache: Error from cloudfront
&lt; x-amz-apigw-id: MybulGOeCGYFehQ=
&lt; Access-Control-Allow-Origin: https://reports.cucumber.io
&lt; Access-Control-Allow-Methods: GET
&lt; X-Amz-Cf-Pop: BLR50-P3
&lt; Connection: keep-alive
&lt; Date: Sat, 14 Oct 2023 10:53:30 GMT
&lt; Access-Control-Allow-Headers: Content-Type,Authorization,X-Amz-Date,X-Api-Key,X-Amz-Security-Token
&lt; X-Amzn-Trace-Id: Root=1-652a7329-62ae498452145c215940b3d8;Sampled=0;lineage=d7df4ace:0
&lt; Via: 1.1 28632435d4a4f33664e5079d35495c60.cloudfront.net (CloudFront)
&lt; Cache-Control: private, no-cache, no-store, must-revalidate
&lt; Access-Control-Allow-Credentials: true
&lt; x-amzn-RequestId: 262626dc-ccd2-47d6-8a35-695c389b660a
&lt; X-Amz-Cf-Id: 2GtyAFKkm0FtVgWB8x3pglaMes5vciKUc-sfOCS83Hp1q9_KDxbReg==
&lt; Content-Length: 875
&lt; Content-Type: text/plain; charset=UTF-8
[31m[1mâ”Œâ”€â”€â”€â”€â”€â”€â”€â”€â”€â”€â”€â”€â”€â”€â”€â”€â”€â”€â”€â”€â”€â”€â”€â”€â”€â”€â”€â”€â”€â”€â”€â”€â”€â”€â”€â”€â”€â”€â”€â”€â”€â”€â”€â”€â”€â”€â”€â”€â”€â”€â”€â”€â”€â”€â”€â”€â”€â”€â”€â”€â”€â”€â”€â”€â”€â”€â”€â”€â”€â”€â”€â”€â”€â”€â”€â”€â”€â”€â”€â”€â”€â”€â”€â”€â”€â”€â”€â”€â”€â”€â”€â”€â”€â”[0m
[31m[1mâ”‚[0m Invalid CUCUMBER_PUBLISH_TOKEN: [1mCUCUMBER_PUBLISH_TOKEN=54abb800-7cea-44ab-8ed4-bb72715838c0[0m [31m[1mâ”‚[0m
[31m[1mâ”‚[0m Go to [1m[36m[4mhttps://reports.cucumber.io/profile[0m to get your token.                                [31m[1mâ”‚[0m
[31m[1mâ””â”€â”€â”€â”€â”€â”€â”€â”€â”€â”€â”€â”€â”€â”€â”€â”€â”€â”€â”€â”€â”€â”€â”€â”€â”€â”€â”€â”€â”€â”€â”€â”€â”€â”€â”€â”€â”€â”€â”€â”€â”€â”€â”€â”€â”€â”€â”€â”€â”€â”€â”€â”€â”€â”€â”€â”€â”€â”€â”€â”€â”€â”€â”€â”€â”€â”€â”€â”€â”€â”€â”€â”€â”€â”€â”€â”€â”€â”€â”€â”€â”€â”€â”€â”€â”€â”€â”€â”€â”€â”€â”€â”€â”€â”˜[0m
	at io.cucumber.core.plugin.UrlOutputStream.createCurlLikeException(UrlOutputStream.java:150)
	at io.cucumber.core.plugin.UrlOutputStream.getResponseBody(UrlOutputStream.java:135)
	at io.cucumber.core.plugin.UrlOutputStream.sendRequest(UrlOutputStream.java:87)
	at io.cucumber.core.plugin.UrlOutputStream.close(UrlOutputStream.java:65)
	at java.base/sun.nio.cs.StreamEncoder.implClose(StreamEncoder.java:443)
	at java.base/sun.nio.cs.StreamEncoder.lockedClose(StreamEncoder.java:241)
	at java.base/sun.nio.cs.StreamEncoder.close(StreamEncoder.java:232)
	at java.base/java.io.OutputStreamWriter.close(OutputStreamWriter.java:267)
	at io.cucumber.core.plugin.MessageFormatter.writeMessage(MessageFormatter.java:29)
	... 32 more
... Removed 24 stack frames</pre></div><a href='#' onClick='toggleBox("stack-trace1410367298", this, "Click to show all stack frames", "Click to hide stack frames")'>Click to show all stack frames</a>
<div class='stack-trace' id='stack-trace1410367298'><pre>java.lang.RuntimeException: java.io.IOException: HTTP request failed:
&gt; GET https://messages.cucumber.io/api/reports
&lt; HTTP/1.1 401 Unauthorized
&lt; X-Cache: Error from cloudfront
&lt; x-amz-apigw-id: MybulGOeCGYFehQ=
&lt; Access-Control-Allow-Origin: https://reports.cucumber.io
&lt; Access-Control-Allow-Methods: GET
&lt; X-Amz-Cf-Pop: BLR50-P3
&lt; Connection: keep-alive
&lt; Date: Sat, 14 Oct 2023 10:53:30 GMT
&lt; Access-Control-Allow-Headers: Content-Type,Authorization,X-Amz-Date,X-Api-Key,X-Amz-Security-Token
&lt; X-Amzn-Trace-Id: Root=1-652a7329-62ae498452145c215940b3d8;Sampled=0;lineage=d7df4ace:0
&lt; Via: 1.1 28632435d4a4f33664e5079d35495c60.cloudfront.net (CloudFront)
&lt; Cache-Control: private, no-cache, no-store, must-revalidate
&lt; Access-Control-Allow-Credentials: true
&lt; x-amzn-RequestId: 262626dc-ccd2-47d6-8a35-695c389b660a
&lt; X-Amz-Cf-Id: 2GtyAFKkm0FtVgWB8x3pglaMes5vciKUc-sfOCS83Hp1q9_KDxbReg==
&lt; Content-Length: 875
&lt; Content-Type: text/plain; charset=UTF-8
[31m[1mâ”Œâ”€â”€â”€â”€â”€â”€â”€â”€â”€â”€â”€â”€â”€â”€â”€â”€â”€â”€â”€â”€â”€â”€â”€â”€â”€â”€â”€â”€â”€â”€â”€â”€â”€â”€â”€â”€â”€â”€â”€â”€â”€â”€â”€â”€â”€â”€â”€â”€â”€â”€â”€â”€â”€â”€â”€â”€â”€â”€â”€â”€â”€â”€â”€â”€â”€â”€â”€â”€â”€â”€â”€â”€â”€â”€â”€â”€â”€â”€â”€â”€â”€â”€â”€â”€â”€â”€â”€â”€â”€â”€â”€â”€â”€â”[0m
[31m[1mâ”‚[0m Invalid CUCUMBER_PUBLISH_TOKEN: [1mCUCUMBER_PUBLISH_TOKEN=54abb800-7cea-44ab-8ed4-bb72715838c0[0m [31m[1mâ”‚[0m
[31m[1mâ”‚[0m Go to [1m[36m[4mhttps://reports.cucumber.io/profile[0m to get your token.                                [31m[1mâ”‚[0m
[31m[1mâ””â”€â”€â”€â”€â”€â”€â”€â”€â”€â”€â”€â”€â”€â”€â”€â”€â”€â”€â”€â”€â”€â”€â”€â”€â”€â”€â”€â”€â”€â”€â”€â”€â”€â”€â”€â”€â”€â”€â”€â”€â”€â”€â”€â”€â”€â”€â”€â”€â”€â”€â”€â”€â”€â”€â”€â”€â”€â”€â”€â”€â”€â”€â”€â”€â”€â”€â”€â”€â”€â”€â”€â”€â”€â”€â”€â”€â”€â”€â”€â”€â”€â”€â”€â”€â”€â”€â”€â”€â”€â”€â”€â”€â”€â”˜[0m
	at io.cucumber.core.plugin.MessageFormatter.writeMessage(MessageFormatter.java:32)
	at io.cucumber.core.eventbus.AbstractEventPublisher.send(AbstractEventPublisher.java:51)
	at io.cucumber.core.eventbus.AbstractEventBus.send(AbstractEventBus.java:12)
	at io.cucumber.core.runtime.SynchronizedEventBus.send(SynchronizedEventBus.java:47)
	at io.cucumber.core.runtime.CucumberExecutionContext.emitTestRunFinished(CucumberExecutionContext.java:125)
	at io.cucumber.core.runtime.CucumberExecutionContext.finishTestRun(CucumberExecutionContext.java:105)
	at io.cucumber.testng.TestNGCucumberRunner.finish(TestNGCucumberRunner.java:145)
	at io.cucumber.testng.AbstractTestNGCucumberTests.tearDownClass(AbstractTestNGCucumberTests.java:57)
	at java.base/jdk.internal.reflect.DirectMethodHandleAccessor.invoke(DirectMethodHandleAccessor.java:104)
	at java.base/java.lang.reflect.Method.invoke(Method.java:578)
	at org.testng.internal.invokers.MethodInvocationHelper.invokeMethod(MethodInvocationHelper.java:139)
	at org.testng.internal.invokers.MethodInvocationHelper.invokeMethodConsideringTimeout(MethodInvocationHelper.java:69)
	at org.testng.internal.invokers.ConfigInvoker.invokeConfigurationMethod(ConfigInvoker.java:390)
	at org.testng.internal.invokers.ConfigInvoker.invokeConfigurations(ConfigInvoker.java:325)
	at org.testng.internal.invokers.TestMethodWorker.invokeAfterClassConfigurations(TestMethodWorker.java:229)
	at org.testng.internal.invokers.TestMethodWorker.invokeAfterClassMethods(TestMethodWorker.java:215)
	at org.testng.internal.invokers.TestMethodWorker.run(TestMethodWorker.java:131)
	at java.base/java.util.ArrayList.forEach(ArrayList.java:1511)
	at org.testng.TestRunner.privateRun(TestRunner.java:848)
	at org.testng.TestRunner.run(TestRunner.java:621)
	at org.testng.SuiteRunner.runTest(SuiteRunner.java:443)
	at org.testng.SuiteRunner.runSequentially(SuiteRunner.java:437)
	at org.testng.SuiteRunner.privateRun(SuiteRunner.java:397)
	at org.testng.SuiteRunner.run(SuiteRunner.java:336)
	at org.testng.SuiteRunnerWorker.runSuite(SuiteRunnerWorker.java:52)
	at org.testng.SuiteRunnerWorker.run(SuiteRunnerWorker.java:95)
	at org.testng.TestNG.runSuitesSequentially(TestNG.java:1280)
	at org.testng.TestNG.runSuitesLocally(TestNG.java:1200)
	at org.testng.TestNG.runSuites(TestNG.java:1114)
	at org.testng.TestNG.run(TestNG.java:1082)
	at org.testng.remote.AbstractRemoteTestNG.run(AbstractRemoteTestNG.java:115)
	at org.testng.remote.RemoteTestNG.initAndRun(RemoteTestNG.java:251)
	at org.testng.remote.RemoteTestNG.main(RemoteTestNG.java:77)
Caused by: java.io.IOException: HTTP request failed:
&gt; GET https://messages.cucumber.io/api/reports
&lt; HTTP/1.1 401 Unauthorized
&lt; X-Cache: Error from cloudfront
&lt; x-amz-apigw-id: MybulGOeCGYFehQ=
&lt; Access-Control-Allow-Origin: https://reports.cucumber.io
&lt; Access-Control-Allow-Methods: GET
&lt; X-Amz-Cf-Pop: BLR50-P3
&lt; Connection: keep-alive
&lt; Date: Sat, 14 Oct 2023 10:53:30 GMT
&lt; Access-Control-Allow-Headers: Content-Type,Authorization,X-Amz-Date,X-Api-Key,X-Amz-Security-Token
&lt; X-Amzn-Trace-Id: Root=1-652a7329-62ae498452145c215940b3d8;Sampled=0;lineage=d7df4ace:0
&lt; Via: 1.1 28632435d4a4f33664e5079d35495c60.cloudfront.net (CloudFront)
&lt; Cache-Control: private, no-cache, no-store, must-revalidate
&lt; Access-Control-Allow-Credentials: true
&lt; x-amzn-RequestId: 262626dc-ccd2-47d6-8a35-695c389b660a
&lt; X-Amz-Cf-Id: 2GtyAFKkm0FtVgWB8x3pglaMes5vciKUc-sfOCS83Hp1q9_KDxbReg==
&lt; Content-Length: 875
&lt; Content-Type: text/plain; charset=UTF-8
[31m[1mâ”Œâ”€â”€â”€â”€â”€â”€â”€â”€â”€â”€â”€â”€â”€â”€â”€â”€â”€â”€â”€â”€â”€â”€â”€â”€â”€â”€â”€â”€â”€â”€â”€â”€â”€â”€â”€â”€â”€â”€â”€â”€â”€â”€â”€â”€â”€â”€â”€â”€â”€â”€â”€â”€â”€â”€â”€â”€â”€â”€â”€â”€â”€â”€â”€â”€â”€â”€â”€â”€â”€â”€â”€â”€â”€â”€â”€â”€â”€â”€â”€â”€â”€â”€â”€â”€â”€â”€â”€â”€â”€â”€â”€â”€â”€â”[0m
[31m[1mâ”‚[0m Invalid CUCUMBER_PUBLISH_TOKEN: [1mCUCUMBER_PUBLISH_TOKEN=54abb800-7cea-44ab-8ed4-bb72715838c0[0m [31m[1mâ”‚[0m
[31m[1mâ”‚[0m Go to [1m[36m[4mhttps://reports.cucumber.io/profile[0m to get your token.                                [31m[1mâ”‚[0m
[31m[1mâ””â”€â”€â”€â”€â”€â”€â”€â”€â”€â”€â”€â”€â”€â”€â”€â”€â”€â”€â”€â”€â”€â”€â”€â”€â”€â”€â”€â”€â”€â”€â”€â”€â”€â”€â”€â”€â”€â”€â”€â”€â”€â”€â”€â”€â”€â”€â”€â”€â”€â”€â”€â”€â”€â”€â”€â”€â”€â”€â”€â”€â”€â”€â”€â”€â”€â”€â”€â”€â”€â”€â”€â”€â”€â”€â”€â”€â”€â”€â”€â”€â”€â”€â”€â”€â”€â”€â”€â”€â”€â”€â”€â”€â”€â”˜[0m
	at io.cucumber.core.plugin.UrlOutputStream.createCurlLikeException(UrlOutputStream.java:150)
	at io.cucumber.core.plugin.UrlOutputStream.getResponseBody(UrlOutputStream.java:135)
	at io.cucumber.core.plugin.UrlOutputStream.sendRequest(UrlOutputStream.java:87)
	at io.cucumber.core.plugin.UrlOutputStream.close(UrlOutputStream.java:65)
	at java.base/sun.nio.cs.StreamEncoder.implClose(StreamEncoder.java:443)
	at java.base/sun.nio.cs.StreamEncoder.lockedClose(StreamEncoder.java:241)
	at java.base/sun.nio.cs.StreamEncoder.close(StreamEncoder.java:232)
	at java.base/java.io.OutputStreamWriter.close(OutputStreamWriter.java:267)
	at io.cucumber.core.plugin.MessageFormatter.writeMessage(MessageFormatter.java:29)
	... 32 more
</pre></div></td>
<td>2</td>
<td>runner.Test_Data_table_Registartion_Runner@35e2d654</td></tr>
</table><p>
<table width='100%' border='1' class='invocation-passed'>
<tr><td colspan='4' align='center'><b>PASSED TESTS</b></td></tr>
<tr><td><b>Test method</b></td>
<td><b>Attribute(s)</b></td>
<td width="30%"><b>Exception</b></td>
<td width="10%"><b>Time (seconds)</b></td>
<td><b>Instance</b></td>
</tr>
<tr>
<td title='runner.Test_Data_table_Registartion_Runner.runScenario()'><b>runScenario</b><br>Test class: runner.Test_Data_table_Registartion_Runner<br>Test method: Runs Cucumber Scenarios<br>Parameters: "user login to the application for access account with valid credentials", "login functionality"</td>
<td></td>
<td>0</td>
<td>runner.Test_Data_table_Registartion_Runner@35e2d654</td></tr>
<tr>
<td title='runner.Test_Data_table_Registartion_Runner.runScenario()'><b>runScenario</b><br>Test class: runner.Test_Data_table_Registartion_Runner<br>Test method: Runs Cucumber Scenarios<br>Parameters: "user logging with valid credentials", "login functionality"</td>
<td></td>
<td>0</td>
<td>runner.Test_Data_table_Registartion_Runner@35e2d654</td></tr>
<tr>
<td title='runner.Test_Data_table_Registartion_Runner.runScenario()'><b>runScenario</b><br>Test class: runner.Test_Data_table_Registartion_Runner<br>Test method: Runs Cucumber Scenarios<br>Parameters: "user logging with valid credentials", "login functionality"</td>
<td></td>
<td>0</td>
<td>runner.Test_Data_table_Registartion_Runner@35e2d654</td></tr>
<tr>
<td title='runner.Test_Data_table_Registartion_Runner.runScenario()'><b>runScenario</b><br>Test class: runner.Test_Data_table_Registartion_Runner<br>Test method: Runs Cucumber Scenarios<br>Parameters: "user login to the application with valid email and invalid password", "login functionality"</td>
<td></td>
<td>0</td>
<td>runner.Test_Data_table_Registartion_Runner@35e2d654</td></tr>
<tr>
<td title='runner.Test_Data_table_Registartion_Runner.runScenario()'><b>runScenario</b><br>Test class: runner.Test_Data_table_Registartion_Runner<br>Test method: Runs Cucumber Scenarios<br>Parameters: "user logging with valid credentials", "login functionality"</td>
<td></td>
<td>0</td>
<td>runner.Test_Data_table_Registartion_Runner@35e2d654</td></tr>
<tr>
<td title='runner.Test_Data_table_Registartion_Runner.runScenario()'><b>runScenario</b><br>Test class: runner.Test_Data_table_Registartion_Runner<br>Test method: Runs Cucumber Scenarios<br>Parameters: "new user registering with mandotory fileds", "Registartion functionality"</td>
<td></td>
<td>0</td>
<td>runner.Test_Data_table_Registartion_Runner@35e2d654</td></tr>
<tr>
<td title='runner.Test_Data_table_Registartion_Runner.runScenario()'><b>runScenario</b><br>Test class: runner.Test_Data_table_Registartion_Runner<br>Test method: Runs Cucumber Scenarios<br>Parameters: "user logged successfully when enters the invalid credentials", "login functionality"</td>
<td></td>
<td>0</td>
<td>runner.Test_Data_table_Registartion_Runner@35e2d654</td></tr>
<tr>
<td title='runner.Test_Data_table_Registartion_Runner.runScenario()'><b>runScenario</b><br>Test class: runner.Test_Data_table_Registartion_Runner<br>Test method: Runs Cucumber Scenarios<br>Parameters: "new user Registration", "Registration by using  data table"</td>
<td></td>
<td>0</td>
<td>runner.Test_Data_table_Registartion_Runner@35e2d654</td></tr>
<tr>
<td title='runner.Test_Data_table_Registartion_Runner.runScenario()'><b>runScenario</b><br>Test class: runner.Test_Data_table_Registartion_Runner<br>Test method: Runs Cucumber Scenarios<br>Parameters: "user login to the application with invalid credentials", "login functionality"</td>
<td></td>
<td>0</td>
<td>runner.Test_Data_table_Registartion_Runner@35e2d654</td></tr>
<tr>
<td title='runner.Test_Data_table_Registartion_Runner.runScenario()'><b>runScenario</b><br>Test class: runner.Test_Data_table_Registartion_Runner<br>Test method: Runs Cucumber Scenarios<br>Parameters: "user login to the application with invalid email and valid password", "login functionality"</td>
<td></td>
<td>0</td>
<td>runner.Test_Data_table_Registartion_Runner@35e2d654</td></tr>
<tr>
<td title='runner.Test_Data_table_Registartion_Runner.runScenario()'><b>runScenario</b><br>Test class: runner.Test_Data_table_Registartion_Runner<br>Test method: Runs Cucumber Scenarios<br>Parameters: "user login to the application without enters the credentials", "login functionality"</td>
<td></td>
<td>0</td>
<td>runner.Test_Data_table_Registartion_Runner@35e2d654</td></tr>
</table><p>
</body>
</html>