<?xml version="1.0" encoding="UTF-8"?>
<!-- Generated by org.testng.reporters.JUnitXMLReporter -->
<testsuite ignored="0" hostname="DESKTOP-9BLN6AT" failures="0" tests="11" name="Test" time="4.28" errors="0" timestamp="2024-02-03T13:31:50 IST">
  <testcase classname="io.cucumber.testng.AbstractTestNGCucumberTests" name="@AfterClass tearDownClass" time="2.399">
    <failure type="java.lang.RuntimeException" message="java.io.IOException: HTTP request failed:
&amp;gt; GET https://messages.cucumber.io/api/reports
&amp;lt; HTTP/1.1 401 Unauthorized
&amp;lt; X-Cache: Error from cloudfront
&amp;lt; x-amz-apigw-id: SjLlMGlFiGYELsQ=
&amp;lt; Access-Control-Allow-Origin: https://reports.cucumber.io
&amp;lt; Access-Control-Allow-Methods: GET
&amp;lt; X-Amz-Cf-Pop: BLR50-P3
&amp;lt; Connection: keep-alive
&amp;lt; Date: Sat, 03 Feb 2024 08:01:49 GMT
&amp;lt; Access-Control-Allow-Headers: Content-Type,Authorization,X-Amz-Date,X-Api-Key,X-Amz-Security-Token
&amp;lt; X-Amzn-Trace-Id: Root=1-65bdf2ed-344d891f63280e71797996f7;Sampled=0;lineage=d7df4ace:0
&amp;lt; Via: 1.1 372cdf0a39e37fc83dc248f1d57798e4.cloudfront.net (CloudFront)
&amp;lt; Cache-Control: private, no-cache, no-store, must-revalidate
&amp;lt; Access-Control-Allow-Credentials: true
&amp;lt; x-amzn-RequestId: b78b796e-507a-4a96-9e02-e98c5b8961ac
&amp;lt; X-Amz-Cf-Id: S9vk8SP6EWhb2cCay4-WZT0sqXNYZFrj4j2qdj9fZxksvkviPXpvbg==
&amp;lt; Content-Length: 875
&amp;lt; Content-Type: text/plain; charset=UTF-8
[31m[1m┌─────────────────────────────────────────────────────────────────────────────────────────────┐[0m
[31m[1m│[0m Invalid CUCUMBER_PUBLISH_TOKEN: [1mCUCUMBER_PUBLISH_TOKEN=54abb800-7cea-44ab-8ed4-bb72715838c0[0m [31m[1m│[0m
[31m[1m│[0m Go to [1m[36m[4mhttps://reports.cucumber.io/profile[0m to get your token.                                [31m[1m│[0m
[31m[1m└─────────────────────────────────────────────────────────────────────────────────────────────┘[0m">
      <![CDATA[java.lang.RuntimeException: java.io.IOException: HTTP request failed:
> GET https://messages.cucumber.io/api/reports
< HTTP/1.1 401 Unauthorized
< X-Cache: Error from cloudfront
< x-amz-apigw-id: SjLlMGlFiGYELsQ=
< Access-Control-Allow-Origin: https://reports.cucumber.io
< Access-Control-Allow-Methods: GET
< X-Amz-Cf-Pop: BLR50-P3
< Connection: keep-alive
< Date: Sat, 03 Feb 2024 08:01:49 GMT
< Access-Control-Allow-Headers: Content-Type,Authorization,X-Amz-Date,X-Api-Key,X-Amz-Security-Token
< X-Amzn-Trace-Id: Root=1-65bdf2ed-344d891f63280e71797996f7;Sampled=0;lineage=d7df4ace:0
< Via: 1.1 372cdf0a39e37fc83dc248f1d57798e4.cloudfront.net (CloudFront)
< Cache-Control: private, no-cache, no-store, must-revalidate
< Access-Control-Allow-Credentials: true
< x-amzn-RequestId: b78b796e-507a-4a96-9e02-e98c5b8961ac
< X-Amz-Cf-Id: S9vk8SP6EWhb2cCay4-WZT0sqXNYZFrj4j2qdj9fZxksvkviPXpvbg==
< Content-Length: 875
< Content-Type: text/plain; charset=UTF-8
[31m[1m┌─────────────────────────────────────────────────────────────────────────────────────────────┐[0m
[31m[1m│[0m Invalid CUCUMBER_PUBLISH_TOKEN: [1mCUCUMBER_PUBLISH_TOKEN=54abb800-7cea-44ab-8ed4-bb72715838c0[0m [31m[1m│[0m
[31m[1m│[0m Go to [1m[36m[4mhttps://reports.cucumber.io/profile[0m to get your token.                                [31m[1m│[0m
[31m[1m└─────────────────────────────────────────────────────────────────────────────────────────────┘[0m
at io.cucumber.core.plugin.MessageFormatter.writeMessage(MessageFormatter.java:32)
at io.cucumber.core.eventbus.AbstractEventPublisher.send(AbstractEventPublisher.java:51)
at io.cucumber.core.eventbus.AbstractEventBus.send(AbstractEventBus.java:12)
at io.cucumber.core.runtime.SynchronizedEventBus.send(SynchronizedEventBus.java:47)
at io.cucumber.core.runtime.CucumberExecutionContext.emitTestRunFinished(CucumberExecutionContext.java:125)
at io.cucumber.core.runtime.CucumberExecutionContext.finishTestRun(CucumberExecutionContext.java:105)
at io.cucumber.testng.TestNGCucumberRunner.finish(TestNGCucumberRunner.java:145)
at io.cucumber.testng.AbstractTestNGCucumberTests.tearDownClass(AbstractTestNGCucumberTests.java:57)
at java.base/java.util.ArrayList.forEach(ArrayList.java:1511)
Caused by: java.io.IOException: HTTP request failed:
> GET https://messages.cucumber.io/api/reports
< HTTP/1.1 401 Unauthorized
< X-Cache: Error from cloudfront
< x-amz-apigw-id: SjLlMGlFiGYELsQ=
< Access-Control-Allow-Origin: https://reports.cucumber.io
< Access-Control-Allow-Methods: GET
< X-Amz-Cf-Pop: BLR50-P3
< Connection: keep-alive
< Date: Sat, 03 Feb 2024 08:01:49 GMT
< Access-Control-Allow-Headers: Content-Type,Authorization,X-Amz-Date,X-Api-Key,X-Amz-Security-Token
< X-Amzn-Trace-Id: Root=1-65bdf2ed-344d891f63280e71797996f7;Sampled=0;lineage=d7df4ace:0
< Via: 1.1 372cdf0a39e37fc83dc248f1d57798e4.cloudfront.net (CloudFront)
< Cache-Control: private, no-cache, no-store, must-revalidate
< Access-Control-Allow-Credentials: true
< x-amzn-RequestId: b78b796e-507a-4a96-9e02-e98c5b8961ac
< X-Amz-Cf-Id: S9vk8SP6EWhb2cCay4-WZT0sqXNYZFrj4j2qdj9fZxksvkviPXpvbg==
< Content-Length: 875
< Content-Type: text/plain; charset=UTF-8
[31m[1m┌─────────────────────────────────────────────────────────────────────────────────────────────┐[0m
[31m[1m│[0m Invalid CUCUMBER_PUBLISH_TOKEN: [1mCUCUMBER_PUBLISH_TOKEN=54abb800-7cea-44ab-8ed4-bb72715838c0[0m [31m[1m│[0m
[31m[1m│[0m Go to [1m[36m[4mhttps://reports.cucumber.io/profile[0m to get your token.                                [31m[1m│[0m
[31m[1m└─────────────────────────────────────────────────────────────────────────────────────────────┘[0m
at io.cucumber.core.plugin.UrlOutputStream.createCurlLikeException(UrlOutputStream.java:150)
at io.cucumber.core.plugin.UrlOutputStream.getResponseBody(UrlOutputStream.java:135)
at io.cucumber.core.plugin.UrlOutputStream.sendRequest(UrlOutputStream.java:87)
at io.cucumber.core.plugin.UrlOutputStream.close(UrlOutputStream.java:65)
at java.base/sun.nio.cs.StreamEncoder.implClose(StreamEncoder.java:443)
at java.base/sun.nio.cs.StreamEncoder.lockedClose(StreamEncoder.java:241)
at java.base/sun.nio.cs.StreamEncoder.close(StreamEncoder.java:232)
at java.base/java.io.OutputStreamWriter.close(OutputStreamWriter.java:267)
at io.cucumber.core.plugin.MessageFormatter.writeMessage(MessageFormatter.java:29)
... 32 more
... Removed 24 stack frames]]>
    </failure>
  </testcase> <!-- @AfterClass tearDownClass -->
  <testcase classname="io.cucumber.testng.AbstractTestNGCucumberTests" name="runScenario" time="0.187"/>
  <testcase classname="io.cucumber.testng.AbstractTestNGCucumberTests" name="runScenario" time="0.108"/>
  <testcase classname="io.cucumber.testng.AbstractTestNGCucumberTests" name="runScenario" time="0.087"/>
  <testcase classname="io.cucumber.testng.AbstractTestNGCucumberTests" name="runScenario" time="0.049"/>
  <testcase classname="io.cucumber.testng.AbstractTestNGCucumberTests" name="runScenario" time="0.069"/>
  <testcase classname="io.cucumber.testng.AbstractTestNGCucumberTests" name="runScenario" time="0.113"/>
  <testcase classname="io.cucumber.testng.AbstractTestNGCucumberTests" name="runScenario" time="0.056"/>
  <testcase classname="io.cucumber.testng.AbstractTestNGCucumberTests" name="runScenario" time="0.042"/>
  <testcase classname="io.cucumber.testng.AbstractTestNGCucumberTests" name="runScenario" time="0.029"/>
  <testcase classname="io.cucumber.testng.AbstractTestNGCucumberTests" name="runScenario" time="0.04"/>
  <testcase classname="io.cucumber.testng.AbstractTestNGCucumberTests" name="runScenario" time="0.056"/>
</testsuite> <!-- Test -->
